android/app/build/intermediates/manifest_merge_blame_file/release/manifest-merger-blame-release-report.txt
1<?xml version="1.0" encoding="utf-8"?>
2<manifest xmlns:android="http://schemas.android.com/apk/res/android"
3    package="com.user"
4    android:versionCode="1"
5    android:versionName="1.0" >
6
7    <uses-sdk
8        android:minSdkVersion="21"
8-->src/main/AndroidManifest.xml
9        android:targetSdkVersion="33" />
9-->src/main/AndroidManifest.xml
10
11    <uses-permission android:name="android.permission.INTERNET" />
11-->src/main/AndroidManifest.xml:3:5-67
11-->src/main/AndroidManifest.xml:3:22-64
12    <uses-permission android:name="android.permission.CAMERA" />
12-->src/main/AndroidManifest.xml:4:5-64
12-->src/main/AndroidManifest.xml:4:22-62
13    <uses-permission android:name="android.permission.ACCESS_FINE_LOCATION" />
13-->src/main/AndroidManifest.xml:6:5-79
13-->src/main/AndroidManifest.xml:6:22-76
14    <uses-permission android:name="android.permission.ACCESS_COARSE_LOCATION" />
14-->src/main/AndroidManifest.xml:7:5-80
14-->src/main/AndroidManifest.xml:7:22-78
15
16    <uses-feature
16-->src/main/AndroidManifest.xml:8:5-85
17        android:name="android.hardware.camera"
17-->src/main/AndroidManifest.xml:8:19-57
18        android:required="false" />
18-->src/main/AndroidManifest.xml:8:58-82
19    <uses-feature
19-->src/main/AndroidManifest.xml:9:5-91
20        android:name="android.hardware.camera.front"
20-->src/main/AndroidManifest.xml:9:19-63
21        android:required="false" />
21-->src/main/AndroidManifest.xml:9:64-88
22
23    <uses-permission android:name="android.permission.WRITE_EXTERNAL_STORAGE" />
23-->src/main/AndroidManifest.xml:10:5-81
23-->src/main/AndroidManifest.xml:10:22-78
24    <uses-permission android:name="android.permission.READ_EXTERNAL_STORAGE" />
24-->src/main/AndroidManifest.xml:11:5-80
24-->src/main/AndroidManifest.xml:11:22-77
25    <uses-permission android:name="android.permission.READ_MEDIA_IMAGES" />
25-->src/main/AndroidManifest.xml:12:5-76
25-->src/main/AndroidManifest.xml:12:22-73
26    <uses-permission android:name="android.permission.ACCESS_NETWORK_STATE" />
26-->[:react-native-community_netinfo] AndroidManifest.xml:7:5-79
26-->[:react-native-community_netinfo] AndroidManifest.xml:7:22-76
27    <uses-permission android:name="android.permission.ACCESS_WIFI_STATE" />
27-->[:react-native-community_netinfo] AndroidManifest.xml:8:5-76
27-->[:react-native-community_netinfo] AndroidManifest.xml:8:22-73
28    <uses-permission android:name="android.permission.WAKE_LOCK" />
28-->[:react-native-firebase_messaging] AndroidManifest.xml:8:5-68
28-->[:react-native-firebase_messaging] AndroidManifest.xml:8:22-65
29
30    <queries>
30-->[:react-native-image-crop-picker] AndroidManifest.xml:7:5-11:15
31        <intent>
31-->[:react-native-image-crop-picker] AndroidManifest.xml:8:9-10:18
32            <action android:name="android.media.action.IMAGE_CAPTURE" />
32-->[:react-native-image-crop-picker] AndroidManifest.xml:9:13-73
32-->[:react-native-image-crop-picker] AndroidManifest.xml:9:21-70
33        </intent>
34        <!-- Added to check if Chrome is installed for browser-based payment authentication (e.g. 3DS1). -->
35        <package android:name="com.android.chrome" /> <!-- Needs to be explicitly declared on Android R+ -->
35-->[com.stripe:payments-core:20.34.4] AndroidManifest.xml:11:9-54
35-->[com.stripe:payments-core:20.34.4] AndroidManifest.xml:11:18-51
36        <package android:name="com.google.android.apps.maps" /> <!-- Added to check the default browser that will host the AuthFlow. -->
36-->[com.google.android.gms:play-services-maps:18.0.2] AndroidManifest.xml:33:9-64
36-->[com.google.android.gms:play-services-maps:18.0.2] AndroidManifest.xml:33:18-61
37        <intent>
37-->[com.stripe:financial-connections:20.34.4] AndroidManifest.xml:13:9-17:18
38            <action android:name="android.intent.action.VIEW" />
38-->[com.stripe:link:20.34.4] AndroidManifest.xml:21:17-69
38-->[com.stripe:link:20.34.4] AndroidManifest.xml:21:25-66
39
40            <data android:scheme="http" />
40-->[com.stripe:link:20.34.4] AndroidManifest.xml:26:17-29:51
40-->[com.stripe:link:20.34.4] AndroidManifest.xml:29:21-48
41        </intent>
42    </queries>
43
44    <uses-feature
44-->[com.google.android.gms:play-services-maps:18.0.2] AndroidManifest.xml:26:5-28:35
45        android:glEsVersion="0x00020000"
45-->[com.google.android.gms:play-services-maps:18.0.2] AndroidManifest.xml:27:9-41
46        android:required="true" />
46-->[com.google.android.gms:play-services-maps:18.0.2] AndroidManifest.xml:28:9-32
47
48    <uses-permission android:name="android.permission.POST_NOTIFICATIONS" /> <!-- Required by older versions of Google Play services to create IID tokens -->
48-->[com.google.firebase:firebase-messaging:23.4.0] AndroidManifest.xml:23:5-77
48-->[com.google.firebase:firebase-messaging:23.4.0] AndroidManifest.xml:23:22-74
49    <uses-permission android:name="com.google.android.c2dm.permission.RECEIVE" />
49-->[com.google.firebase:firebase-messaging:23.4.0] AndroidManifest.xml:26:5-82
49-->[com.google.firebase:firebase-messaging:23.4.0] AndroidManifest.xml:26:22-79
50    <uses-permission android:name="android.permission.RECEIVE_BOOT_COMPLETED" />
50-->[androidx.work:work-runtime:2.7.1] AndroidManifest.xml:27:5-81
50-->[androidx.work:work-runtime:2.7.1] AndroidManifest.xml:27:22-78
51    <uses-permission android:name="android.permission.FOREGROUND_SERVICE" />
51-->[androidx.work:work-runtime:2.7.1] AndroidManifest.xml:28:5-77
51-->[androidx.work:work-runtime:2.7.1] AndroidManifest.xml:28:22-74
52
53    <permission
53-->[androidx.core:core:1.10.0] AndroidManifest.xml:22:5-24:47
54        android:name="com.user.DYNAMIC_RECEIVER_NOT_EXPORTED_PERMISSION"
54-->[androidx.core:core:1.10.0] AndroidManifest.xml:23:9-81
55        android:protectionLevel="signature" />
55-->[androidx.core:core:1.10.0] AndroidManifest.xml:24:9-44
56
57    <uses-permission android:name="com.user.DYNAMIC_RECEIVER_NOT_EXPORTED_PERMISSION" />
57-->[androidx.core:core:1.10.0] AndroidManifest.xml:26:5-97
57-->[androidx.core:core:1.10.0] AndroidManifest.xml:26:22-94
58
59    <application
59-->src/main/AndroidManifest.xml:14:5-37:19
60        android:name="com.user.MainApplication"
60-->src/main/AndroidManifest.xml:15:7-38
61        android:allowBackup="false"
61-->src/main/AndroidManifest.xml:19:7-34
62        android:appComponentFactory="androidx.core.app.CoreComponentFactory"
62-->[androidx.core:core:1.10.0] AndroidManifest.xml:28:18-86
63        android:icon="@mipmap/ic_launcher"
63-->src/main/AndroidManifest.xml:17:7-41
64        android:label="@string/app_name"
64-->src/main/AndroidManifest.xml:16:7-39
65        android:roundIcon="@mipmap/ic_launcher_round"
65-->src/main/AndroidManifest.xml:18:7-52
66        android:theme="@style/AppTheme" >
66-->src/main/AndroidManifest.xml:20:7-38
67        <activity
67-->src/main/AndroidManifest.xml:21:7-32:18
68            android:name="com.user.MainActivity"
68-->src/main/AndroidManifest.xml:22:9-37
69            android:configChanges="keyboard|keyboardHidden|orientation|screenLayout|screenSize|smallestScreenSize|uiMode"
69-->src/main/AndroidManifest.xml:24:9-118
70            android:exported="true"
70-->src/main/AndroidManifest.xml:27:9-32
71            android:label="@string/app_name"
71-->src/main/AndroidManifest.xml:23:9-41
72            android:launchMode="singleTask"
72-->src/main/AndroidManifest.xml:25:9-40
73            android:windowSoftInputMode="stateAlwaysHidden|adjustPan" >
73-->src/main/AndroidManifest.xml:26:9-66
74            <intent-filter>
74-->src/main/AndroidManifest.xml:28:9-31:25
75                <action android:name="android.intent.action.MAIN" />
75-->src/main/AndroidManifest.xml:29:13-65
75-->src/main/AndroidManifest.xml:29:21-62
76
77                <category android:name="android.intent.category.LAUNCHER" />
77-->src/main/AndroidManifest.xml:30:13-73
77-->src/main/AndroidManifest.xml:30:23-70
78            </intent-filter>
79        </activity>
80
81        <meta-data
81-->src/main/AndroidManifest.xml:33:9-35:68
82            android:name="com.google.android.geo.API_KEY"
82-->src/main/AndroidManifest.xml:34:11-56
83            android:value="AIzaSyDJzLxbnSawJABJlKpUpopVZGt9Adp08uQ" />
83-->src/main/AndroidManifest.xml:35:11-66
84
85        <uses-library
85-->src/main/AndroidManifest.xml:36:9-87
86            android:name="org.apache.http.legacy"
86-->src/main/AndroidManifest.xml:36:23-60
87            android:required="false" />
87-->src/main/AndroidManifest.xml:36:61-85
88
89        <service
89-->[:react-native-firebase_messaging] AndroidManifest.xml:12:9-14:40
90            android:name="io.invertase.firebase.messaging.ReactNativeFirebaseMessagingHeadlessService"
90-->[:react-native-firebase_messaging] AndroidManifest.xml:13:13-103
91            android:exported="false" />
91-->[:react-native-firebase_messaging] AndroidManifest.xml:14:13-37
92        <service
92-->[:react-native-firebase_messaging] AndroidManifest.xml:15:9-21:19
93            android:name="io.invertase.firebase.messaging.ReactNativeFirebaseMessagingService"
93-->[:react-native-firebase_messaging] AndroidManifest.xml:16:13-95
94            android:exported="false" >
94-->[:react-native-firebase_messaging] AndroidManifest.xml:17:13-37
95            <intent-filter>
95-->[:react-native-firebase_messaging] AndroidManifest.xml:18:13-20:29
96                <action android:name="com.google.firebase.MESSAGING_EVENT" />
96-->[:react-native-firebase_messaging] AndroidManifest.xml:19:17-78
96-->[:react-native-firebase_messaging] AndroidManifest.xml:19:25-75
97            </intent-filter>
98        </service>
99
100        <receiver
100-->[:react-native-firebase_messaging] AndroidManifest.xml:23:9-30:20
101            android:name="io.invertase.firebase.messaging.ReactNativeFirebaseMessagingReceiver"
101-->[:react-native-firebase_messaging] AndroidManifest.xml:24:13-96
102            android:exported="true"
102-->[:react-native-firebase_messaging] AndroidManifest.xml:25:13-36
103            android:permission="com.google.android.c2dm.permission.SEND" >
103-->[:react-native-firebase_messaging] AndroidManifest.xml:26:13-73
104            <intent-filter>
104-->[:react-native-firebase_messaging] AndroidManifest.xml:27:13-29:29
105                <action android:name="com.google.android.c2dm.intent.RECEIVE" />
105-->[:react-native-firebase_messaging] AndroidManifest.xml:28:17-81
105-->[:react-native-firebase_messaging] AndroidManifest.xml:28:25-78
106            </intent-filter>
107        </receiver>
108
109        <meta-data
109-->[:react-native-firebase_messaging] AndroidManifest.xml:32:9-34:36
110            android:name="firebase_messaging_auto_init_enabled"
110-->[:react-native-firebase_messaging] AndroidManifest.xml:33:13-64
111            android:value="true" />
111-->[:react-native-firebase_messaging] AndroidManifest.xml:34:13-33
112        <meta-data
112-->[:react-native-firebase_messaging] AndroidManifest.xml:35:9-37:32
113            android:name="com.google.firebase.messaging.default_notification_channel_id"
113-->[:react-native-firebase_messaging] AndroidManifest.xml:36:13-89
114            android:value="" />
114-->[:react-native-firebase_messaging] AndroidManifest.xml:37:13-29
115        <meta-data
115-->[:react-native-firebase_messaging] AndroidManifest.xml:38:9-40:47
116            android:name="com.google.firebase.messaging.default_notification_color"
116-->[:react-native-firebase_messaging] AndroidManifest.xml:39:13-84
117            android:resource="@color/white" />
117-->[:react-native-firebase_messaging] AndroidManifest.xml:40:13-44
118        <meta-data
118-->[:react-native-firebase_app] AndroidManifest.xml:9:9-11:36
119            android:name="app_data_collection_default_enabled"
119-->[:react-native-firebase_app] AndroidManifest.xml:10:13-63
120            android:value="true" />
120-->[:react-native-firebase_app] AndroidManifest.xml:11:13-33
121
122        <service
122-->[:react-native-firebase_app] AndroidManifest.xml:13:9-21:19
123            android:name="com.google.firebase.components.ComponentDiscoveryService"
123-->[:react-native-firebase_app] AndroidManifest.xml:14:13-84
124            android:directBootAware="true"
124-->[:react-native-firebase_app] AndroidManifest.xml:15:13-43
125            android:exported="false" >
125-->[:react-native-firebase_app] AndroidManifest.xml:16:13-37
126            <meta-data
126-->[:react-native-firebase_app] AndroidManifest.xml:18:13-20:85
127                android:name="com.google.firebase.components:io.invertase.firebase.app.ReactNativeFirebaseAppRegistrar"
127-->[:react-native-firebase_app] AndroidManifest.xml:19:17-120
128                android:value="com.google.firebase.components.ComponentRegistrar" />
128-->[:react-native-firebase_app] AndroidManifest.xml:20:17-82
129            <meta-data
129-->[com.google.firebase:firebase-messaging:23.4.0] AndroidManifest.xml:57:13-59:85
130                android:name="com.google.firebase.components:com.google.firebase.messaging.FirebaseMessagingKtxRegistrar"
130-->[com.google.firebase:firebase-messaging:23.4.0] AndroidManifest.xml:58:17-122
131                android:value="com.google.firebase.components.ComponentRegistrar" />
131-->[com.google.firebase:firebase-messaging:23.4.0] AndroidManifest.xml:59:17-82
132            <meta-data
132-->[com.google.firebase:firebase-messaging:23.4.0] AndroidManifest.xml:60:13-62:85
133                android:name="com.google.firebase.components:com.google.firebase.messaging.FirebaseMessagingRegistrar"
133-->[com.google.firebase:firebase-messaging:23.4.0] AndroidManifest.xml:61:17-119
134                android:value="com.google.firebase.components.ComponentRegistrar" />
134-->[com.google.firebase:firebase-messaging:23.4.0] AndroidManifest.xml:62:17-82
135            <meta-data
135-->[com.google.firebase:firebase-installations:17.2.0] AndroidManifest.xml:15:13-17:85
136                android:name="com.google.firebase.components:com.google.firebase.installations.FirebaseInstallationsKtxRegistrar"
136-->[com.google.firebase:firebase-installations:17.2.0] AndroidManifest.xml:16:17-130
137                android:value="com.google.firebase.components.ComponentRegistrar" />
137-->[com.google.firebase:firebase-installations:17.2.0] AndroidManifest.xml:17:17-82
138            <meta-data
138-->[com.google.firebase:firebase-installations:17.2.0] AndroidManifest.xml:18:13-20:85
139                android:name="com.google.firebase.components:com.google.firebase.installations.FirebaseInstallationsRegistrar"
139-->[com.google.firebase:firebase-installations:17.2.0] AndroidManifest.xml:19:17-127
140                android:value="com.google.firebase.components.ComponentRegistrar" />
140-->[com.google.firebase:firebase-installations:17.2.0] AndroidManifest.xml:20:17-82
141            <meta-data
141-->[com.google.firebase:firebase-common-ktx:20.4.2] AndroidManifest.xml:12:13-14:85
142                android:name="com.google.firebase.components:com.google.firebase.ktx.FirebaseCommonLegacyRegistrar"
142-->[com.google.firebase:firebase-common-ktx:20.4.2] AndroidManifest.xml:13:17-116
143                android:value="com.google.firebase.components.ComponentRegistrar" />
143-->[com.google.firebase:firebase-common-ktx:20.4.2] AndroidManifest.xml:14:17-82
144            <meta-data
144-->[com.google.firebase:firebase-common:20.4.2] AndroidManifest.xml:35:13-37:85
145                android:name="com.google.firebase.components:com.google.firebase.FirebaseCommonKtxRegistrar"
145-->[com.google.firebase:firebase-common:20.4.2] AndroidManifest.xml:36:17-109
146                android:value="com.google.firebase.components.ComponentRegistrar" />
146-->[com.google.firebase:firebase-common:20.4.2] AndroidManifest.xml:37:17-82
147            <meta-data
147-->[com.google.firebase:firebase-datatransport:18.1.7] AndroidManifest.xml:27:13-29:85
148                android:name="com.google.firebase.components:com.google.firebase.datatransport.TransportRegistrar"
148-->[com.google.firebase:firebase-datatransport:18.1.7] AndroidManifest.xml:28:17-115
149                android:value="com.google.firebase.components.ComponentRegistrar" />
149-->[com.google.firebase:firebase-datatransport:18.1.7] AndroidManifest.xml:29:17-82
150        </service>
151
152        <provider
152-->[:react-native-firebase_app] AndroidManifest.xml:23:9-27:38
153            android:name="io.invertase.firebase.app.ReactNativeFirebaseAppInitProvider"
153-->[:react-native-firebase_app] AndroidManifest.xml:24:13-88
154            android:authorities="com.user.reactnativefirebaseappinitprovider"
154-->[:react-native-firebase_app] AndroidManifest.xml:25:13-86
155            android:exported="false"
155-->[:react-native-firebase_app] AndroidManifest.xml:26:13-37
156            android:initOrder="99" />
156-->[:react-native-firebase_app] AndroidManifest.xml:27:13-35
157        <provider
157-->[:react-native-image-crop-picker] AndroidManifest.xml:16:9-24:20
158            android:name="com.reactnative.ivpusic.imagepicker.IvpusicImagePickerFileProvider"
158-->[:react-native-image-crop-picker] AndroidManifest.xml:17:13-94
159            android:authorities="com.user.provider"
159-->[:react-native-image-crop-picker] AndroidManifest.xml:18:13-60
160            android:exported="false"
160-->[:react-native-image-crop-picker] AndroidManifest.xml:19:13-37
161            android:grantUriPermissions="true" >
161-->[:react-native-image-crop-picker] AndroidManifest.xml:20:13-47
162            <meta-data
162-->[:react-native-image-crop-picker] AndroidManifest.xml:21:13-23:78
163                android:name="android.support.FILE_PROVIDER_PATHS"
163-->[:react-native-image-crop-picker] AndroidManifest.xml:22:17-67
164                android:resource="@xml/ivpusic_imagepicker_provider_paths" />
164-->[:react-native-image-crop-picker] AndroidManifest.xml:23:17-75
165        </provider>
166
167        <activity
167-->[:react-native-image-crop-picker] AndroidManifest.xml:26:9-28:72
168            android:name="com.yalantis.ucrop.UCropActivity"
168-->[:react-native-image-crop-picker] AndroidManifest.xml:27:13-60
169            android:theme="@style/Theme.AppCompat.Light.NoActionBar" />
169-->[:react-native-image-crop-picker] AndroidManifest.xml:28:13-69
170
171        <provider
171-->[:react-native-webview] AndroidManifest.xml:8:9-16:20
172            android:name="com.reactnativecommunity.webview.RNCWebViewFileProvider"
172-->[:react-native-webview] AndroidManifest.xml:9:13-83
173            android:authorities="com.user.fileprovider"
173-->[:react-native-webview] AndroidManifest.xml:10:13-64
174            android:exported="false"
174-->[:react-native-webview] AndroidManifest.xml:11:13-37
175            android:grantUriPermissions="true" >
175-->[:react-native-webview] AndroidManifest.xml:12:13-47
176            <meta-data
176-->[:react-native-image-crop-picker] AndroidManifest.xml:21:13-23:78
177                android:name="android.support.FILE_PROVIDER_PATHS"
177-->[:react-native-image-crop-picker] AndroidManifest.xml:22:17-67
178                android:resource="@xml/file_provider_paths" />
178-->[:react-native-image-crop-picker] AndroidManifest.xml:23:17-75
179        </provider>
180
181        <activity
181-->[com.stripe:paymentsheet:20.34.4] AndroidManifest.xml:8:9-12:58
182            android:name="com.stripe.android.paymentsheet.PaymentSheetActivity"
182-->[com.stripe:paymentsheet:20.34.4] AndroidManifest.xml:9:13-80
183            android:exported="false"
183-->[com.stripe:paymentsheet:20.34.4] AndroidManifest.xml:10:13-37
184            android:theme="@style/StripePaymentSheetDefaultTheme"
184-->[com.stripe:paymentsheet:20.34.4] AndroidManifest.xml:11:13-66
185            android:windowSoftInputMode="adjustResize" />
185-->[com.stripe:paymentsheet:20.34.4] AndroidManifest.xml:12:13-55
186        <activity
186-->[com.stripe:paymentsheet:20.34.4] AndroidManifest.xml:13:9-17:58
187            android:name="com.stripe.android.paymentsheet.PaymentOptionsActivity"
187-->[com.stripe:paymentsheet:20.34.4] AndroidManifest.xml:14:13-82
188            android:exported="false"
188-->[com.stripe:paymentsheet:20.34.4] AndroidManifest.xml:15:13-37
189            android:theme="@style/StripePaymentSheetDefaultTheme"
189-->[com.stripe:paymentsheet:20.34.4] AndroidManifest.xml:16:13-66
190            android:windowSoftInputMode="adjustResize" />
190-->[com.stripe:paymentsheet:20.34.4] AndroidManifest.xml:17:13-55
191        <activity
191-->[com.stripe:paymentsheet:20.34.4] AndroidManifest.xml:18:9-22:58
192            android:name="com.stripe.android.customersheet.CustomerSheetActivity"
192-->[com.stripe:paymentsheet:20.34.4] AndroidManifest.xml:19:13-82
193            android:exported="false"
193-->[com.stripe:paymentsheet:20.34.4] AndroidManifest.xml:20:13-37
194            android:theme="@style/StripePaymentSheetDefaultTheme"
194-->[com.stripe:paymentsheet:20.34.4] AndroidManifest.xml:21:13-66
195            android:windowSoftInputMode="adjustResize" />
195-->[com.stripe:paymentsheet:20.34.4] AndroidManifest.xml:22:13-55
196        <activity
196-->[com.stripe:paymentsheet:20.34.4] AndroidManifest.xml:23:9-26:69
197            android:name="com.stripe.android.paymentsheet.addresselement.AddressElementActivity"
197-->[com.stripe:paymentsheet:20.34.4] AndroidManifest.xml:24:13-97
198            android:exported="false"
198-->[com.stripe:paymentsheet:20.34.4] AndroidManifest.xml:25:13-37
199            android:theme="@style/StripePaymentSheetDefaultTheme" />
199-->[com.stripe:paymentsheet:20.34.4] AndroidManifest.xml:26:13-66
200        <activity
200-->[com.stripe:paymentsheet:20.34.4] AndroidManifest.xml:27:9-30:69
201            android:name="com.stripe.android.paymentsheet.paymentdatacollection.bacs.BacsMandateConfirmationActivity"
201-->[com.stripe:paymentsheet:20.34.4] AndroidManifest.xml:28:13-118
202            android:exported="false"
202-->[com.stripe:paymentsheet:20.34.4] AndroidManifest.xml:29:13-37
203            android:theme="@style/StripePaymentSheetDefaultTheme" />
203-->[com.stripe:paymentsheet:20.34.4] AndroidManifest.xml:30:13-66
204        <activity
204-->[com.stripe:paymentsheet:20.34.4] AndroidManifest.xml:31:9-34:69
205            android:name="com.stripe.android.paymentsheet.paymentdatacollection.polling.PollingActivity"
205-->[com.stripe:paymentsheet:20.34.4] AndroidManifest.xml:32:13-105
206            android:exported="false"
206-->[com.stripe:paymentsheet:20.34.4] AndroidManifest.xml:33:13-37
207            android:theme="@style/StripePaymentSheetDefaultTheme" />
207-->[com.stripe:paymentsheet:20.34.4] AndroidManifest.xml:34:13-66
208        <activity
208-->[com.stripe:paymentsheet:20.34.4] AndroidManifest.xml:35:9-38:69
209            android:name="com.stripe.android.paymentsheet.ui.SepaMandateActivity"
209-->[com.stripe:paymentsheet:20.34.4] AndroidManifest.xml:36:13-82
210            android:exported="false"
210-->[com.stripe:paymentsheet:20.34.4] AndroidManifest.xml:37:13-37
211            android:theme="@style/StripePaymentSheetDefaultTheme" />
211-->[com.stripe:paymentsheet:20.34.4] AndroidManifest.xml:38:13-66
212        <activity
212-->[com.stripe:link:20.34.4] AndroidManifest.xml:8:9-13:61
213            android:name="com.stripe.android.link.LinkForegroundActivity"
213-->[com.stripe:link:20.34.4] AndroidManifest.xml:9:13-74
214            android:autoRemoveFromRecents="true"
214-->[com.stripe:link:20.34.4] AndroidManifest.xml:10:13-49
215            android:configChanges="orientation|keyboard|keyboardHidden|screenLayout|screenSize|smallestScreenSize"
215-->[com.stripe:link:20.34.4] AndroidManifest.xml:11:13-115
216            android:launchMode="singleTop"
216-->[com.stripe:link:20.34.4] AndroidManifest.xml:12:13-43
217            android:theme="@style/StripeTransparentTheme" />
217-->[com.stripe:link:20.34.4] AndroidManifest.xml:13:13-58
218        <activity
218-->[com.stripe:link:20.34.4] AndroidManifest.xml:14:9-31:20
219            android:name="com.stripe.android.link.LinkRedirectHandlerActivity"
219-->[com.stripe:link:20.34.4] AndroidManifest.xml:15:13-79
220            android:autoRemoveFromRecents="true"
220-->[com.stripe:link:20.34.4] AndroidManifest.xml:16:13-49
221            android:exported="true"
221-->[com.stripe:link:20.34.4] AndroidManifest.xml:17:13-36
222            android:launchMode="singleInstance"
222-->[com.stripe:link:20.34.4] AndroidManifest.xml:18:13-48
223            android:theme="@style/StripeTransparentTheme" >
223-->[com.stripe:link:20.34.4] AndroidManifest.xml:19:13-58
224            <intent-filter>
224-->[com.stripe:link:20.34.4] AndroidManifest.xml:20:13-30:29
225                <action android:name="android.intent.action.VIEW" />
225-->[com.stripe:link:20.34.4] AndroidManifest.xml:21:17-69
225-->[com.stripe:link:20.34.4] AndroidManifest.xml:21:25-66
226
227                <category android:name="android.intent.category.DEFAULT" />
227-->[com.stripe:link:20.34.4] AndroidManifest.xml:23:17-76
227-->[com.stripe:link:20.34.4] AndroidManifest.xml:23:27-73
228                <category android:name="android.intent.category.BROWSABLE" />
228-->[com.stripe:link:20.34.4] AndroidManifest.xml:24:17-78
228-->[com.stripe:link:20.34.4] AndroidManifest.xml:24:27-75
229
230                <data
230-->[com.stripe:link:20.34.4] AndroidManifest.xml:26:17-29:51
231                    android:host="complete"
231-->[com.stripe:link:20.34.4] AndroidManifest.xml:27:21-44
232                    android:path="/com.user"
232-->[com.stripe:link:20.34.4] AndroidManifest.xml:28:21-53
233                    android:scheme="link-popup" />
233-->[com.stripe:link:20.34.4] AndroidManifest.xml:29:21-48
234            </intent-filter>
235        </activity>
236        <activity
236-->[com.stripe:payments-ui-core:20.34.4] AndroidManifest.xml:8:9-11:69
237            android:name="com.stripe.android.ui.core.cardscan.CardScanActivity"
237-->[com.stripe:payments-ui-core:20.34.4] AndroidManifest.xml:9:13-80
238            android:exported="false"
238-->[com.stripe:payments-ui-core:20.34.4] AndroidManifest.xml:10:13-37
239            android:theme="@style/StripePaymentSheetDefaultTheme" />
239-->[com.stripe:payments-ui-core:20.34.4] AndroidManifest.xml:11:13-66
240        <activity
240-->[com.stripe:payments-core:20.34.4] AndroidManifest.xml:15:9-18:57
241            android:name="com.stripe.android.view.AddPaymentMethodActivity"
241-->[com.stripe:payments-core:20.34.4] AndroidManifest.xml:16:13-76
242            android:exported="false"
242-->[com.stripe:payments-core:20.34.4] AndroidManifest.xml:17:13-37
243            android:theme="@style/StripeDefaultTheme" />
243-->[com.stripe:payments-core:20.34.4] AndroidManifest.xml:18:13-54
244        <activity
244-->[com.stripe:payments-core:20.34.4] AndroidManifest.xml:19:9-22:57
245            android:name="com.stripe.android.view.PaymentMethodsActivity"
245-->[com.stripe:payments-core:20.34.4] AndroidManifest.xml:20:13-74
246            android:exported="false"
246-->[com.stripe:payments-core:20.34.4] AndroidManifest.xml:21:13-37
247            android:theme="@style/StripeDefaultTheme" />
247-->[com.stripe:payments-core:20.34.4] AndroidManifest.xml:22:13-54
248        <activity
248-->[com.stripe:payments-core:20.34.4] AndroidManifest.xml:23:9-26:57
249            android:name="com.stripe.android.view.PaymentFlowActivity"
249-->[com.stripe:payments-core:20.34.4] AndroidManifest.xml:24:13-71
250            android:exported="false"
250-->[com.stripe:payments-core:20.34.4] AndroidManifest.xml:25:13-37
251            android:theme="@style/StripeDefaultTheme" />
251-->[com.stripe:payments-core:20.34.4] AndroidManifest.xml:26:13-54
252        <activity
252-->[com.stripe:payments-core:20.34.4] AndroidManifest.xml:27:9-31:58
253            android:name="com.stripe.android.view.PaymentAuthWebViewActivity"
253-->[com.stripe:payments-core:20.34.4] AndroidManifest.xml:28:13-78
254            android:exported="false"
254-->[com.stripe:payments-core:20.34.4] AndroidManifest.xml:29:13-37
255            android:theme="@style/StripeDefaultTheme"
255-->[com.stripe:payments-core:20.34.4] AndroidManifest.xml:30:13-54
256            android:windowSoftInputMode="adjustResize" />
256-->[com.stripe:payments-core:20.34.4] AndroidManifest.xml:31:13-55
257        <activity
257-->[com.stripe:payments-core:20.34.4] AndroidManifest.xml:32:9-35:61
258            android:name="com.stripe.android.view.PaymentRelayActivity"
258-->[com.stripe:payments-core:20.34.4] AndroidManifest.xml:33:13-72
259            android:exported="false"
259-->[com.stripe:payments-core:20.34.4] AndroidManifest.xml:34:13-37
260            android:theme="@style/StripeTransparentTheme" />
260-->[com.stripe:payments-core:20.34.4] AndroidManifest.xml:35:13-58
261        <!--
262        Set android:launchMode="singleTop" so that the StripeBrowserLauncherActivity instance that
263        launched the browser Activity will also handle the return URL deep link.
264        -->
265        <activity
265-->[com.stripe:payments-core:20.34.4] AndroidManifest.xml:41:9-45:61
266            android:name="com.stripe.android.payments.StripeBrowserLauncherActivity"
266-->[com.stripe:payments-core:20.34.4] AndroidManifest.xml:42:13-85
267            android:exported="false"
267-->[com.stripe:payments-core:20.34.4] AndroidManifest.xml:43:13-37
268            android:launchMode="singleTask"
268-->[com.stripe:payments-core:20.34.4] AndroidManifest.xml:44:13-44
269            android:theme="@style/StripeTransparentTheme" />
269-->[com.stripe:payments-core:20.34.4] AndroidManifest.xml:45:13-58
270        <activity
270-->[com.stripe:payments-core:20.34.4] AndroidManifest.xml:46:9-63:20
271            android:name="com.stripe.android.payments.StripeBrowserProxyReturnActivity"
271-->[com.stripe:payments-core:20.34.4] AndroidManifest.xml:47:13-88
272            android:exported="true"
272-->[com.stripe:payments-core:20.34.4] AndroidManifest.xml:48:13-36